2024-05-10 16:39:23,381 INFO    MainThread:241112 [wandb_setup.py:_flush():76] Current SDK version is 0.16.6
2024-05-10 16:39:23,381 INFO    MainThread:241112 [wandb_setup.py:_flush():76] Configure stats pid to 241112
2024-05-10 16:39:23,381 INFO    MainThread:241112 [wandb_setup.py:_flush():76] Loading settings from /home/fhoekstra/.config/wandb/settings
2024-05-10 16:39:23,381 INFO    MainThread:241112 [wandb_setup.py:_flush():76] Loading settings from /home/fhoekstra/CBS2/wandb/settings
2024-05-10 16:39:23,381 INFO    MainThread:241112 [wandb_setup.py:_flush():76] Loading settings from environment variables: {}
2024-05-10 16:39:23,381 INFO    MainThread:241112 [wandb_setup.py:_flush():76] Applying setup settings: {'_disable_service': False}
2024-05-10 16:39:23,381 INFO    MainThread:241112 [wandb_setup.py:_flush():76] Inferring run settings from compute environment: {'program_relpath': 'evaluate_nocrash.py', 'program_abspath': '/home/fhoekstra/CBS2/evaluate_nocrash.py', 'program': 'evaluate_nocrash.py'}
2024-05-10 16:39:23,381 INFO    MainThread:241112 [wandb_setup.py:_flush():76] Applying login settings: {}
2024-05-10 16:39:23,381 INFO    MainThread:241112 [wandb_init.py:_log_setup():521] Logging user logs to /home/fhoekstra/CBS2/wandb/run-20240510_163923-zbxrbmyv/logs/debug.log
2024-05-10 16:39:23,382 INFO    MainThread:241112 [wandb_init.py:_log_setup():522] Logging internal logs to /home/fhoekstra/CBS2/wandb/run-20240510_163923-zbxrbmyv/logs/debug-internal.log
2024-05-10 16:39:23,382 INFO    MainThread:241112 [wandb_init.py:init():561] calling init triggers
2024-05-10 16:39:23,382 INFO    MainThread:241112 [wandb_init.py:init():569] wandb.init called with sweep_config: {}
config: {}
2024-05-10 16:39:23,382 INFO    MainThread:241112 [wandb_init.py:init():611] starting backend
2024-05-10 16:39:23,382 INFO    MainThread:241112 [wandb_init.py:init():615] setting up manager
2024-05-10 16:39:23,383 INFO    MainThread:241112 [backend.py:_multiprocessing_setup():107] multiprocessing start_methods=fork,spawn,forkserver, using: spawn
2024-05-10 16:39:23,384 INFO    MainThread:241112 [wandb_init.py:init():623] backend started and connected
2024-05-10 16:39:23,386 INFO    MainThread:241112 [wandb_init.py:init():715] updated telemetry
2024-05-10 16:39:23,404 INFO    MainThread:241112 [wandb_init.py:init():748] communicating run to backend with 90.0 second timeout
2024-05-10 16:39:23,760 INFO    MainThread:241112 [wandb_run.py:_on_init():2357] communicating current version
2024-05-10 16:39:23,785 INFO    MainThread:241112 [wandb_run.py:_on_init():2366] got version response upgrade_message: "wandb version 0.17.0 is available!  To upgrade, please run:\n $ pip install wandb --upgrade"

2024-05-10 16:39:23,786 INFO    MainThread:241112 [wandb_init.py:init():799] starting run threads in backend
2024-05-10 16:39:26,063 INFO    MainThread:241112 [wandb_run.py:_console_start():2335] atexit reg
2024-05-10 16:39:26,063 INFO    MainThread:241112 [wandb_run.py:_redirect():2190] redirect: wrap_raw
2024-05-10 16:39:26,063 INFO    MainThread:241112 [wandb_run.py:_redirect():2255] Wrapping output streams.
2024-05-10 16:39:26,064 INFO    MainThread:241112 [wandb_run.py:_redirect():2280] Redirects installed.
2024-05-10 16:39:26,064 INFO    MainThread:241112 [wandb_init.py:init():842] run started, returning control to user process
2024-05-10 16:43:06,111 ERROR   MainThread:241112 [util.py:get_module():270] Error importing optional module moviepy.editor
Traceback (most recent call last):
  File "/home/fhoekstra/miniconda3/envs/cbs2/lib/python3.7/site-packages/wandb/util.py", line 236, in import_module_lazy
    return sys.modules[name]
KeyError: 'moviepy.editor'

During handling of the above exception, another exception occurred:

Traceback (most recent call last):
  File "/home/fhoekstra/miniconda3/envs/cbs2/lib/python3.7/site-packages/wandb/util.py", line 265, in get_module
    return import_module_lazy(name)
  File "/home/fhoekstra/miniconda3/envs/cbs2/lib/python3.7/site-packages/wandb/util.py", line 238, in import_module_lazy
    spec = importlib.util.find_spec(name)
  File "/home/fhoekstra/miniconda3/envs/cbs2/lib/python3.7/importlib/util.py", line 94, in find_spec
    parent = __import__(parent_name, fromlist=['__path__'])
ModuleNotFoundError: No module named 'moviepy'
2024-05-10 16:43:12,080 WARNING MsgRouterThr:241112 [router.py:message_loop():77] message_loop has been closed
